<?xml version="1.0" encoding="UTF-8"?>
<!-- Generated by org.testng.reporters.JUnitReportReporter -->
<testsuite hostname="LAPTOP-51FCHROV" failures="0" tests="1" name="virtusa.virginmoney.Case" time="21.523" errors="0" timestamp="2022-01-04T14:20:56 GMT" skipped="0">
  <testcase classname="virtusa.virginmoney.Case" name="TestNGmethod" time="21.523"/>
  <system-out/>
</testsuite> <!-- virtusa.virginmoney.Case -->
