<?xml version="1.0" encoding="UTF-8"?>
<!-- Generated by org.testng.reporters.JUnitReportReporter -->
<testsuite skipped="0" hostname="LAPTOP-51FCHROV" name="squad.Ecommerce_tc_4" tests="1" failures="0" timestamp="2022-01-09T21:01:27 GMT" time="27.335" errors="0">
  <testcase name="totalValidation" time="27.335" classname="squad.Ecommerce_tc_4"/>
  <system-out/>
</testsuite> <!-- squad.Ecommerce_tc_4 -->
