<?xml version="1.0" encoding="UTF-8"?>
<!-- Generated by org.testng.reporters.JUnitReportReporter -->
<testsuite skipped="0" hostname="LAPTOP-51FCHROV" name="squad.Case" tests="1" failures="0" timestamp="2022-01-09T21:01:27 GMT" time="22.063" errors="0">
  <testcase name="TestNGmethod" time="22.063" classname="squad.Case"/>
  <system-out/>
</testsuite> <!-- squad.Case -->
